<?xml version="1.0" encoding="UTF-8"?>
<!-- Generated by org.testng.reporters.JUnitXMLReporter -->
<testsuite ignored="0" hostname="Jenis-MacBook-Air.local" failures="0" tests="5" name="Sample test" time="37.278" errors="0" timestamp="07 May 2020 03:24:29 GMT">
  <testcase classname="com.training.sanity.tests.Resetpassword" name="passwordReset" time="6.518"/>
  <testcase classname="com.training.sanity.tests.Coursesearch" name="validLoginTest" time="2.645"/>
  <testcase classname="com.training.sanity.tests.LoginTests" name="validLoginTest" time="2.461"/>
  <testcase classname="com.training.sanity.tests.Coursesearch" name="courseSearch" time="3.304"/>
  <testcase classname="com.training.sanity.tests.LoginTests" name="updatePassword" time="4.017"/>
</testsuite> <!-- Sample test -->
