<?xml version="1.0" encoding="UTF-8"?>
<!-- Generated by org.testng.reporters.JUnitXMLReporter -->
<testsuite ignored="1" hostname="Jenis-MacBook-Air.local" failures="0" tests="2" name="Default test" time="17.5" errors="0" timestamp="21 May 2020 01:02:23 GMT">
  <testcase classname="com.training.sanity.tests.AdminLogin" name="validLoginTest" time="1.772"/>
  <testcase classname="com.training.sanity.tests.AdminLogin" name="categoryCourseCreation" time="10.944"/>
  <testcase classname="com.training.sanity.tests.AdminLogin" name="addUser" time="0.0">
    <ignored/>
  </testcase> <!-- addUser -->
</testsuite> <!-- Default test -->
