<?xml version="1.0" encoding="UTF-8"?>
<testng-results ignored="1" total="3" passed="2" failed="0" skipped="0">
  <reporter-output>
  </reporter-output>
  <suite started-at="2020-05-21T01:02:06Z" name="Default suite" finished-at="2020-05-21T01:02:23Z" duration-ms="17500">
    <groups>
    </groups>
    <test started-at="2020-05-21T01:02:06Z" name="Default test" finished-at="2020-05-21T01:02:23Z" duration-ms="17500">
      <class name="com.training.sanity.tests.AdminLogin">
        <test-method is-config="true" signature="setUpBeforeClass()[pri:0, instance:com.training.sanity.tests.AdminLogin@1b68b9a4]" started-at="2020-05-20T21:02:06Z" name="setUpBeforeClass" finished-at="2020-05-20T21:02:10Z" duration-ms="4755" status="PASS">
          <reporter-output>
          </reporter-output>
        </test-method> <!-- setUpBeforeClass -->
        <test-method signature="validLoginTest()[pri:1, instance:com.training.sanity.tests.AdminLogin@1b68b9a4]" started-at="2020-05-20T21:02:10Z" name="validLoginTest" finished-at="2020-05-20T21:02:12Z" duration-ms="1772" status="PASS">
          <reporter-output>
          </reporter-output>
        </test-method> <!-- validLoginTest -->
        <test-method signature="categoryCourseCreation()[pri:2, instance:com.training.sanity.tests.AdminLogin@1b68b9a4]" started-at="2020-05-20T21:02:12Z" name="categoryCourseCreation" finished-at="2020-05-20T21:02:23Z" duration-ms="10944" status="PASS">
          <reporter-output>
          </reporter-output>
        </test-method> <!-- categoryCourseCreation -->
      </class> <!-- com.training.sanity.tests.AdminLogin -->
    </test> <!-- Default test -->
  </suite> <!-- Default suite -->
</testng-results>
