<?xml version="1.0" encoding="UTF-8"?>
<testng-results ignored="0" total="2" passed="2" failed="0" skipped="0">
  <reporter-output>
  </reporter-output>
  <suite started-at="2020-05-08T01:37:12Z" name="Default suite" finished-at="2020-05-08T01:37:27Z" duration-ms="15042">
    <groups>
    </groups>
    <test started-at="2020-05-08T01:37:12Z" name="Default test" finished-at="2020-05-08T01:37:27Z" duration-ms="15042">
      <class name="com.training.sanity.tests.Coursesearch">
        <test-method is-config="true" signature="setUpBeforeClass()[pri:0, instance:com.training.sanity.tests.Coursesearch@64d2d351]" started-at="2020-05-07T21:37:12Z" name="setUpBeforeClass" finished-at="2020-05-07T21:37:21Z" duration-ms="8405" status="PASS">
          <reporter-output>
          </reporter-output>
        </test-method> <!-- setUpBeforeClass -->
        <test-method signature="validLoginTest()[pri:1, instance:com.training.sanity.tests.Coursesearch@64d2d351]" started-at="2020-05-07T21:37:21Z" name="validLoginTest" finished-at="2020-05-07T21:37:24Z" duration-ms="3291" status="PASS">
          <reporter-output>
          </reporter-output>
        </test-method> <!-- validLoginTest -->
        <test-method signature="courseSearch()[pri:2, instance:com.training.sanity.tests.Coursesearch@64d2d351]" started-at="2020-05-07T21:37:24Z" name="courseSearch" finished-at="2020-05-07T21:37:27Z" duration-ms="3291" status="PASS">
          <reporter-output>
          </reporter-output>
        </test-method> <!-- courseSearch -->
      </class> <!-- com.training.sanity.tests.Coursesearch -->
    </test> <!-- Default test -->
  </suite> <!-- Default suite -->
</testng-results>
